{"C:\\Users\\ACER\\Desktop\\telentoTech-Express\\index.js": {"path":"C:\\Users\\ACER\\Desktop\\telentoTech-Express\\index.js","statementMap":{"0":{"start":{"line":1,"column":16},"end":{"line":1,"column":34}},"1":{"start":{"line":2,"column":12},"end":{"line":2,"column":21}},"2":{"start":{"line":3,"column":15},"end":{"line":3,"column":31}},"3":{"start":{"line":4,"column":13},"end":{"line":4,"column":17}},"4":{"start":{"line":5,"column":0},"end":{"line":5,"column":26}},"5":{"start":{"line":8,"column":15},"end":{"line":8,"column":35}},"6":{"start":{"line":9,"column":13},"end":{"line":9,"column":40}},"7":{"start":{"line":10,"column":11},"end":{"line":10,"column":23}},"8":{"start":{"line":13,"column":23},"end":{"line":13,"column":46}},"9":{"start":{"line":14,"column":15},"end":{"line":14,"column":42}},"10":{"start":{"line":17,"column":15},"end":{"line":17,"column":39}},"11":{"start":{"line":18,"column":17},"end":{"line":18,"column":36}},"12":{"start":{"line":19,"column":0},"end":{"line":19,"column":24}},"13":{"start":{"line":24,"column":19},"end":{"line":24,"column":49}},"14":{"start":{"line":25,"column":20},"end":{"line":25,"column":51}},"15":{"start":{"line":26,"column":22},"end":{"line":26,"column":55}},"16":{"start":{"line":28,"column":22},"end":{"line":28,"column":50}},"17":{"start":{"line":34,"column":0},"end":{"line":37,"column":2}},"18":{"start":{"line":36,"column":4},"end":{"line":36,"column":27}},"19":{"start":{"line":40,"column":0},"end":{"line":69,"column":2}},"20":{"start":{"line":41,"column":4},"end":{"line":41,"column":28}},"21":{"start":{"line":43,"column":4},"end":{"line":62,"column":6}},"22":{"start":{"line":44,"column":8},"end":{"line":59,"column":9}},"23":{"start":{"line":46,"column":24},"end":{"line":46,"column":40}},"24":{"start":{"line":47,"column":8},"end":{"line":47,"column":28}},"25":{"start":{"line":49,"column":8},"end":{"line":49,"column":55}},"26":{"start":{"line":51,"column":8},"end":{"line":56,"column":10}},"27":{"start":{"line":53,"column":8},"end":{"line":53,"column":56}},"28":{"start":{"line":55,"column":12},"end":{"line":55,"column":67}},"29":{"start":{"line":58,"column":12},"end":{"line":58,"column":53}},"30":{"start":{"line":64,"column":4},"end":{"line":66,"column":6}},"31":{"start":{"line":65,"column":8},"end":{"line":65,"column":43}},"32":{"start":{"line":72,"column":0},"end":{"line":72,"column":45}},"33":{"start":{"line":73,"column":0},"end":{"line":73,"column":23}},"34":{"start":{"line":74,"column":0},"end":{"line":77,"column":2}},"35":{"start":{"line":75,"column":4},"end":{"line":75,"column":15}},"36":{"start":{"line":76,"column":4},"end":{"line":76,"column":10}},"37":{"start":{"line":79,"column":13},"end":{"line":79,"column":39}},"38":{"start":{"line":80,"column":0},"end":{"line":80,"column":26}},"39":{"start":{"line":84,"column":0},"end":{"line":84,"column":15}},"40":{"start":{"line":85,"column":0},"end":{"line":85,"column":47}},"41":{"start":{"line":86,"column":0},"end":{"line":86,"column":24}},"42":{"start":{"line":87,"column":0},"end":{"line":87,"column":25}},"43":{"start":{"line":89,"column":0},"end":{"line":91,"column":2}},"44":{"start":{"line":90,"column":4},"end":{"line":90,"column":36}},"45":{"start":{"line":93,"column":0},"end":{"line":93,"column":20}}},"fnMap":{"0":{"name":"(anonymous_0)","decl":{"start":{"line":34,"column":16},"end":{"line":34,"column":17}},"loc":{"start":{"line":34,"column":30},"end":{"line":37,"column":1}},"line":34},"1":{"name":"(anonymous_1)","decl":{"start":{"line":40,"column":16},"end":{"line":40,"column":17}},"loc":{"start":{"line":40,"column":28},"end":{"line":69,"column":1}},"line":40},"2":{"name":"(anonymous_2)","decl":{"start":{"line":43,"column":24},"end":{"line":43,"column":25}},"loc":{"start":{"line":43,"column":34},"end":{"line":62,"column":5}},"line":43},"3":{"name":"(anonymous_3)","decl":{"start":{"line":51,"column":43},"end":{"line":51,"column":44}},"loc":{"start":{"line":51,"column":53},"end":{"line":54,"column":9}},"line":51},"4":{"name":"(anonymous_4)","decl":{"start":{"line":54,"column":17},"end":{"line":54,"column":18}},"loc":{"start":{"line":54,"column":24},"end":{"line":56,"column":9}},"line":54},"5":{"name":"(anonymous_5)","decl":{"start":{"line":64,"column":28},"end":{"line":64,"column":29}},"loc":{"start":{"line":64,"column":40},"end":{"line":66,"column":5}},"line":64},"6":{"name":"(anonymous_6)","decl":{"start":{"line":74,"column":8},"end":{"line":74,"column":9}},"loc":{"start":{"line":74,"column":25},"end":{"line":77,"column":1}},"line":74},"7":{"name":"(anonymous_7)","decl":{"start":{"line":89,"column":18},"end":{"line":89,"column":19}},"loc":{"start":{"line":89,"column":24},"end":{"line":91,"column":1}},"line":89}},"branchMap":{"0":{"loc":{"start":{"line":17,"column":15},"end":{"line":17,"column":39}},"type":"binary-expr","locations":[{"start":{"line":17,"column":15},"end":{"line":17,"column":33}},{"start":{"line":17,"column":37},"end":{"line":17,"column":39}}],"line":17}},"s":{"0":1,"1":1,"2":1,"3":1,"4":1,"5":1,"6":1,"7":1,"8":1,"9":1,"10":1,"11":1,"12":1,"13":1,"14":1,"15":1,"16":1,"17":1,"18":0,"19":1,"20":0,"21":0,"22":0,"23":0,"24":0,"25":0,"26":0,"27":0,"28":0,"29":0,"30":0,"31":0,"32":1,"33":1,"34":1,"35":3,"36":3,"37":1,"38":1,"39":1,"40":1,"41":1,"42":1,"43":1,"44":1,"45":1},"f":{"0":0,"1":0,"2":0,"3":0,"4":0,"5":0,"6":3,"7":1},"b":{"0":[1,0]},"_coverageSchema":"1a1c01bbd47fc00a2c39e90264f33305004495a9","hash":"e57be8d2ada18da707663a7532c05cb5f9ae7107"}
,"C:\\Users\\ACER\\Desktop\\telentoTech-Express\\controllers\\UserController.js": {"path":"C:\\Users\\ACER\\Desktop\\telentoTech-Express\\controllers\\UserController.js","statementMap":{"0":{"start":{"line":1,"column":15},"end":{"line":1,"column":32}},"1":{"start":{"line":2,"column":19},"end":{"line":2,"column":44}},"2":{"start":{"line":3,"column":12},"end":{"line":3,"column":35}},"3":{"start":{"line":4,"column":0},"end":{"line":4,"column":26}},"4":{"start":{"line":9,"column":8},"end":{"line":9,"column":55}},"5":{"start":{"line":10,"column":8},"end":{"line":10,"column":58}},"6":{"start":{"line":14,"column":8},"end":{"line":34,"column":9}},"7":{"start":{"line":16,"column":21},"end":{"line":16,"column":56}},"8":{"start":{"line":17,"column":8},"end":{"line":19,"column":9}},"9":{"start":{"line":18,"column":12},"end":{"line":18,"column":74}},"10":{"start":{"line":22,"column":30},"end":{"line":22,"column":75}},"11":{"start":{"line":23,"column":8},"end":{"line":25,"column":9}},"12":{"start":{"line":24,"column":12},"end":{"line":24,"column":75}},"13":{"start":{"line":27,"column":22},"end":{"line":27,"column":123}},"14":{"start":{"line":29,"column":8},"end":{"line":29,"column":52}},"15":{"start":{"line":32,"column":12},"end":{"line":32,"column":30}},"16":{"start":{"line":33,"column":12},"end":{"line":33,"column":77}},"17":{"start":{"line":38,"column":28},"end":{"line":38,"column":56}},"18":{"start":{"line":39,"column":8},"end":{"line":41,"column":9}},"19":{"start":{"line":40,"column":12},"end":{"line":40,"column":76}},"20":{"start":{"line":43,"column":22},"end":{"line":43,"column":92}},"21":{"start":{"line":44,"column":8},"end":{"line":50,"column":10}},"22":{"start":{"line":45,"column":12},"end":{"line":47,"column":13}},"23":{"start":{"line":46,"column":16},"end":{"line":46,"column":76}},"24":{"start":{"line":48,"column":12},"end":{"line":48,"column":40}},"25":{"start":{"line":49,"column":12},"end":{"line":49,"column":19}},"26":{"start":{"line":55,"column":0},"end":{"line":55,"column":31}}},"fnMap":{"0":{"name":"(anonymous_0)","decl":{"start":{"line":8,"column":4},"end":{"line":8,"column":5}},"loc":{"start":{"line":8,"column":17},"end":{"line":11,"column":5}},"line":8},"1":{"name":"(anonymous_1)","decl":{"start":{"line":13,"column":4},"end":{"line":13,"column":5}},"loc":{"start":{"line":13,"column":32},"end":{"line":35,"column":5}},"line":13},"2":{"name":"(anonymous_2)","decl":{"start":{"line":37,"column":4},"end":{"line":37,"column":5}},"loc":{"start":{"line":37,"column":34},"end":{"line":51,"column":5}},"line":37},"3":{"name":"(anonymous_3)","decl":{"start":{"line":44,"column":42},"end":{"line":44,"column":43}},"loc":{"start":{"line":44,"column":60},"end":{"line":50,"column":9}},"line":44}},"branchMap":{"0":{"loc":{"start":{"line":9,"column":26},"end":{"line":9,"column":54}},"type":"binary-expr","locations":[{"start":{"line":9,"column":26},"end":{"line":9,"column":48}},{"start":{"line":9,"column":52},"end":{"line":9,"column":54}}],"line":9},"1":{"loc":{"start":{"line":17,"column":8},"end":{"line":19,"column":9}},"type":"if","locations":[{"start":{"line":17,"column":8},"end":{"line":19,"column":9}},{"start":{},"end":{}}],"line":17},"2":{"loc":{"start":{"line":23,"column":8},"end":{"line":25,"column":9}},"type":"if","locations":[{"start":{"line":23,"column":8},"end":{"line":25,"column":9}},{"start":{},"end":{}}],"line":23},"3":{"loc":{"start":{"line":39,"column":8},"end":{"line":41,"column":9}},"type":"if","locations":[{"start":{"line":39,"column":8},"end":{"line":41,"column":9}},{"start":{},"end":{}}],"line":39},"4":{"loc":{"start":{"line":43,"column":22},"end":{"line":43,"column":92}},"type":"cond-expr","locations":[{"start":{"line":43,"column":58},"end":{"line":43,"column":78}},{"start":{"line":43,"column":81},"end":{"line":43,"column":92}}],"line":43},"5":{"loc":{"start":{"line":45,"column":12},"end":{"line":47,"column":13}},"type":"if","locations":[{"start":{"line":45,"column":12},"end":{"line":47,"column":13}},{"start":{},"end":{}}],"line":45}},"s":{"0":1,"1":1,"2":1,"3":1,"4":1,"5":1,"6":0,"7":0,"8":0,"9":0,"10":0,"11":0,"12":0,"13":0,"14":0,"15":0,"16":0,"17":1,"18":1,"19":1,"20":0,"21":0,"22":0,"23":0,"24":0,"25":0,"26":1},"f":{"0":1,"1":0,"2":1,"3":0},"b":{"0":[1,0],"1":[0,0],"2":[0,0],"3":[1,0],"4":[0,0],"5":[0,0]},"_coverageSchema":"1a1c01bbd47fc00a2c39e90264f33305004495a9","hash":"38766b06431cd89df41d9ae0ef216f8ebe89c34f"}
,"C:\\Users\\ACER\\Desktop\\telentoTech-Express\\graphql\\resolvers.js": {"path":"C:\\Users\\ACER\\Desktop\\telentoTech-Express\\graphql\\resolvers.js","statementMap":{"0":{"start":{"line":1,"column":19},"end":{"line":1,"column":44}},"1":{"start":{"line":2,"column":22},"end":{"line":2,"column":51}},"2":{"start":{"line":3,"column":20},"end":{"line":3,"column":46}},"3":{"start":{"line":5,"column":17},"end":{"line":117,"column":1}},"4":{"start":{"line":8,"column":8},"end":{"line":8,"column":28}},"5":{"start":{"line":11,"column":8},"end":{"line":15,"column":9}},"6":{"start":{"line":12,"column":12},"end":{"line":12,"column":56}},"7":{"start":{"line":14,"column":12},"end":{"line":14,"column":25}},"8":{"start":{"line":18,"column":8},"end":{"line":24,"column":9}},"9":{"start":{"line":19,"column":12},"end":{"line":19,"column":43}},"10":{"start":{"line":23,"column":12},"end":{"line":23,"column":25}},"11":{"start":{"line":28,"column":8},"end":{"line":48,"column":5}},"12":{"start":{"line":29,"column":24},"end":{"line":29,"column":26}},"13":{"start":{"line":31,"column":12},"end":{"line":34,"column":13}},"14":{"start":{"line":32,"column":16},"end":{"line":33,"column":66}},"15":{"start":{"line":33,"column":17},"end":{"line":33,"column":66}},"16":{"start":{"line":35,"column":12},"end":{"line":38,"column":13}},"17":{"start":{"line":36,"column":16},"end":{"line":37,"column":68}},"18":{"start":{"line":37,"column":17},"end":{"line":37,"column":68}},"19":{"start":{"line":39,"column":12},"end":{"line":42,"column":13}},"20":{"start":{"line":40,"column":16},"end":{"line":41,"column":74}},"21":{"start":{"line":41,"column":17},"end":{"line":41,"column":74}},"22":{"start":{"line":43,"column":26},"end":{"line":43,"column":54}},"23":{"start":{"line":46,"column":12},"end":{"line":46,"column":56}},"24":{"start":{"line":52,"column":8},"end":{"line":62,"column":29}},"25":{"start":{"line":53,"column":12},"end":{"line":59,"column":41}},"26":{"start":{"line":61,"column":16},"end":{"line":61,"column":30}},"27":{"start":{"line":65,"column":8},"end":{"line":75,"column":17}},"28":{"start":{"line":66,"column":12},"end":{"line":71,"column":41}},"29":{"start":{"line":74,"column":20},"end":{"line":74,"column":34}},"30":{"start":{"line":78,"column":8},"end":{"line":96,"column":5}},"31":{"start":{"line":79,"column":24},"end":{"line":79,"column":26}},"32":{"start":{"line":80,"column":12},"end":{"line":93,"column":13}},"33":{"start":{"line":81,"column":16},"end":{"line":83,"column":17}},"34":{"start":{"line":82,"column":20},"end":{"line":82,"column":46}},"35":{"start":{"line":84,"column":16},"end":{"line":86,"column":17}},"36":{"start":{"line":85,"column":20},"end":{"line":85,"column":42}},"37":{"start":{"line":87,"column":16},"end":{"line":89,"column":17}},"38":{"start":{"line":88,"column":20},"end":{"line":88,"column":67}},"39":{"start":{"line":90,"column":32},"end":{"line":91,"column":70}},"40":{"start":{"line":92,"column":16},"end":{"line":92,"column":31}},"41":{"start":{"line":95,"column":12},"end":{"line":95,"column":54}},"42":{"start":{"line":100,"column":8},"end":{"line":104,"column":5}},"43":{"start":{"line":101,"column":12},"end":{"line":101,"column":57}},"44":{"start":{"line":103,"column":9},"end":{"line":103,"column":48}},"45":{"start":{"line":108,"column":4},"end":{"line":112,"column":5}},"46":{"start":{"line":109,"column":8},"end":{"line":109,"column":39}},"47":{"start":{"line":111,"column":8},"end":{"line":111,"column":49}},"48":{"start":{"line":118,"column":0},"end":{"line":118,"column":26}}},"fnMap":{"0":{"name":"(anonymous_0)","decl":{"start":{"line":7,"column":11},"end":{"line":7,"column":12}},"loc":{"start":{"line":7,"column":16},"end":{"line":9,"column":5}},"line":7},"1":{"name":"(anonymous_1)","decl":{"start":{"line":10,"column":10},"end":{"line":10,"column":11}},"loc":{"start":{"line":10,"column":27},"end":{"line":16,"column":5}},"line":10},"2":{"name":"(anonymous_2)","decl":{"start":{"line":17,"column":11},"end":{"line":17,"column":12}},"loc":{"start":{"line":17,"column":22},"end":{"line":25,"column":5}},"line":17},"3":{"name":"(anonymous_3)","decl":{"start":{"line":27,"column":19},"end":{"line":27,"column":20}},"loc":{"start":{"line":27,"column":41},"end":{"line":49,"column":1}},"line":27},"4":{"name":"(anonymous_4)","decl":{"start":{"line":51,"column":13},"end":{"line":51,"column":14}},"loc":{"start":{"line":51,"column":29},"end":{"line":63,"column":5}},"line":51},"5":{"name":"(anonymous_5)","decl":{"start":{"line":64,"column":14},"end":{"line":64,"column":15}},"loc":{"start":{"line":64,"column":25},"end":{"line":76,"column":13}},"line":64},"6":{"name":"(anonymous_6)","decl":{"start":{"line":77,"column":21},"end":{"line":77,"column":22}},"loc":{"start":{"line":77,"column":42},"end":{"line":97,"column":1}},"line":77},"7":{"name":"(anonymous_7)","decl":{"start":{"line":99,"column":11},"end":{"line":99,"column":12}},"loc":{"start":{"line":99,"column":27},"end":{"line":105,"column":1}},"line":99},"8":{"name":"(anonymous_8)","decl":{"start":{"line":107,"column":10},"end":{"line":107,"column":11}},"loc":{"start":{"line":107,"column":21},"end":{"line":113,"column":3}},"line":107}},"branchMap":{"0":{"loc":{"start":{"line":31,"column":12},"end":{"line":34,"column":13}},"type":"if","locations":[{"start":{"line":31,"column":12},"end":{"line":34,"column":13}},{"start":{},"end":{}}],"line":31},"1":{"loc":{"start":{"line":32,"column":16},"end":{"line":33,"column":66}},"type":"if","locations":[{"start":{"line":32,"column":16},"end":{"line":33,"column":66}},{"start":{},"end":{}}],"line":32},"2":{"loc":{"start":{"line":35,"column":12},"end":{"line":38,"column":13}},"type":"if","locations":[{"start":{"line":35,"column":12},"end":{"line":38,"column":13}},{"start":{},"end":{}}],"line":35},"3":{"loc":{"start":{"line":36,"column":16},"end":{"line":37,"column":68}},"type":"if","locations":[{"start":{"line":36,"column":16},"end":{"line":37,"column":68}},{"start":{},"end":{}}],"line":36},"4":{"loc":{"start":{"line":39,"column":12},"end":{"line":42,"column":13}},"type":"if","locations":[{"start":{"line":39,"column":12},"end":{"line":42,"column":13}},{"start":{},"end":{}}],"line":39},"5":{"loc":{"start":{"line":40,"column":16},"end":{"line":41,"column":74}},"type":"if","locations":[{"start":{"line":40,"column":16},"end":{"line":41,"column":74}},{"start":{},"end":{}}],"line":40},"6":{"loc":{"start":{"line":80,"column":12},"end":{"line":93,"column":13}},"type":"if","locations":[{"start":{"line":80,"column":12},"end":{"line":93,"column":13}},{"start":{},"end":{}}],"line":80},"7":{"loc":{"start":{"line":81,"column":16},"end":{"line":83,"column":17}},"type":"if","locations":[{"start":{"line":81,"column":16},"end":{"line":83,"column":17}},{"start":{},"end":{}}],"line":81},"8":{"loc":{"start":{"line":84,"column":16},"end":{"line":86,"column":17}},"type":"if","locations":[{"start":{"line":84,"column":16},"end":{"line":86,"column":17}},{"start":{},"end":{}}],"line":84},"9":{"loc":{"start":{"line":87,"column":16},"end":{"line":89,"column":17}},"type":"if","locations":[{"start":{"line":87,"column":16},"end":{"line":89,"column":17}},{"start":{},"end":{}}],"line":87}},"s":{"0":1,"1":1,"2":1,"3":1,"4":0,"5":0,"6":0,"7":0,"8":0,"9":0,"10":0,"11":0,"12":0,"13":0,"14":0,"15":0,"16":0,"17":0,"18":0,"19":0,"20":0,"21":0,"22":0,"23":0,"24":0,"25":0,"26":0,"27":0,"28":0,"29":0,"30":0,"31":0,"32":0,"33":0,"34":0,"35":0,"36":0,"37":0,"38":0,"39":0,"40":0,"41":0,"42":0,"43":0,"44":0,"45":0,"46":0,"47":0,"48":1},"f":{"0":0,"1":0,"2":0,"3":0,"4":0,"5":0,"6":0,"7":0,"8":0},"b":{"0":[0,0],"1":[0,0],"2":[0,0],"3":[0,0],"4":[0,0],"5":[0,0],"6":[0,0],"7":[0,0],"8":[0,0],"9":[0,0]},"_coverageSchema":"1a1c01bbd47fc00a2c39e90264f33305004495a9","hash":"d5787a2e5f3b51a33e6d90c77b5b45d2225fd44e"}
,"C:\\Users\\ACER\\Desktop\\telentoTech-Express\\graphql\\schema.js": {"path":"C:\\Users\\ACER\\Desktop\\telentoTech-Express\\graphql\\schema.js","statementMap":{"0":{"start":{"line":7,"column":21},"end":{"line":7,"column":39}},"1":{"start":{"line":8,"column":18},"end":{"line":8,"column":40}},"2":{"start":{"line":10,"column":13},"end":{"line":19,"column":2}},"3":{"start":{"line":21,"column":16},"end":{"line":30,"column":2}},"4":{"start":{"line":51,"column":24},"end":{"line":58,"column":2}},"5":{"start":{"line":61,"column":27},"end":{"line":68,"column":4}},"6":{"start":{"line":71,"column":15},"end":{"line":119,"column":1}},"7":{"start":{"line":121,"column":18},"end":{"line":124,"column":2}},"8":{"start":{"line":126,"column":15},"end":{"line":128,"column":2}},"9":{"start":{"line":130,"column":0},"end":{"line":130,"column":24}}},"fnMap":{},"branchMap":{},"s":{"0":1,"1":1,"2":1,"3":1,"4":1,"5":1,"6":1,"7":1,"8":1,"9":1},"f":{},"b":{},"_coverageSchema":"1a1c01bbd47fc00a2c39e90264f33305004495a9","hash":"d37b84ccf2cd44ad699351de4ac219a5ea4427c2"}
,"C:\\Users\\ACER\\Desktop\\telentoTech-Express\\models\\House.js": {"path":"C:\\Users\\ACER\\Desktop\\telentoTech-Express\\models\\House.js","statementMap":{"0":{"start":{"line":1,"column":17},"end":{"line":1,"column":36}},"1":{"start":{"line":2,"column":14},"end":{"line":2,"column":35}},"2":{"start":{"line":5,"column":20},"end":{"line":32,"column":2}},"3":{"start":{"line":12,"column":29},"end":{"line":12,"column":86}},"4":{"start":{"line":13,"column":32},"end":{"line":13,"column":53}},"5":{"start":{"line":14,"column":14},"end":{"line":14,"column":113}},"6":{"start":{"line":14,"column":52},"end":{"line":14,"column":111}},"7":{"start":{"line":16,"column":30},"end":{"line":16,"column":81}},"8":{"start":{"line":25,"column":27},"end":{"line":25,"column":78}},"9":{"start":{"line":26,"column":25},"end":{"line":26,"column":46}},"10":{"start":{"line":27,"column":12},"end":{"line":27,"column":97}},"11":{"start":{"line":27,"column":41},"end":{"line":27,"column":95}},"12":{"start":{"line":29,"column":28},"end":{"line":29,"column":74}},"13":{"start":{"line":34,"column":0},"end":{"line":34,"column":53}}},"fnMap":{"0":{"name":"(anonymous_0)","decl":{"start":{"line":10,"column":23},"end":{"line":10,"column":24}},"loc":{"start":{"line":10,"column":45},"end":{"line":15,"column":13}},"line":10},"1":{"name":"(anonymous_1)","decl":{"start":{"line":14,"column":38},"end":{"line":14,"column":39}},"loc":{"start":{"line":14,"column":52},"end":{"line":14,"column":111}},"line":14},"2":{"name":"(anonymous_2)","decl":{"start":{"line":16,"column":21},"end":{"line":16,"column":22}},"loc":{"start":{"line":16,"column":30},"end":{"line":16,"column":81}},"line":16},"3":{"name":"(anonymous_3)","decl":{"start":{"line":23,"column":21},"end":{"line":23,"column":22}},"loc":{"start":{"line":23,"column":42},"end":{"line":28,"column":11}},"line":23},"4":{"name":"(anonymous_4)","decl":{"start":{"line":27,"column":31},"end":{"line":27,"column":32}},"loc":{"start":{"line":27,"column":41},"end":{"line":27,"column":95}},"line":27},"5":{"name":"(anonymous_5)","decl":{"start":{"line":29,"column":19},"end":{"line":29,"column":20}},"loc":{"start":{"line":29,"column":28},"end":{"line":29,"column":74}},"line":29}},"branchMap":{},"s":{"0":1,"1":1,"2":1,"3":0,"4":0,"5":0,"6":0,"7":0,"8":0,"9":0,"10":0,"11":0,"12":0,"13":1},"f":{"0":0,"1":0,"2":0,"3":0,"4":0,"5":0},"b":{},"_coverageSchema":"1a1c01bbd47fc00a2c39e90264f33305004495a9","hash":"3b6349ad2dff73efd1b4d03f59a12a356f984856"}
,"C:\\Users\\ACER\\Desktop\\telentoTech-Express\\models\\Mensajes.js": {"path":"C:\\Users\\ACER\\Desktop\\telentoTech-Express\\models\\Mensajes.js","statementMap":{"0":{"start":{"line":1,"column":17},"end":{"line":1,"column":36}},"1":{"start":{"line":2,"column":19},"end":{"line":2,"column":36}},"2":{"start":{"line":6,"column":22},"end":{"line":30,"column":2}},"3":{"start":{"line":32,"column":0},"end":{"line":32,"column":57}}},"fnMap":{},"branchMap":{},"s":{"0":1,"1":1,"2":1,"3":1},"f":{},"b":{},"_coverageSchema":"1a1c01bbd47fc00a2c39e90264f33305004495a9","hash":"a951d12ccff562ab1da5b1bf5fc090bc8c4a2e74"}
,"C:\\Users\\ACER\\Desktop\\telentoTech-Express\\models\\User.js": {"path":"C:\\Users\\ACER\\Desktop\\telentoTech-Express\\models\\User.js","statementMap":{"0":{"start":{"line":1,"column":17},"end":{"line":1,"column":36}},"1":{"start":{"line":4,"column":19},"end":{"line":44,"column":2}},"2":{"start":{"line":16,"column":14},"end":{"line":16,"column":57}},"3":{"start":{"line":18,"column":30},"end":{"line":18,"column":70}},"4":{"start":{"line":32,"column":14},"end":{"line":32,"column":62}},"5":{"start":{"line":34,"column":30},"end":{"line":34,"column":82}},"6":{"start":{"line":46,"column":0},"end":{"line":46,"column":51}}},"fnMap":{"0":{"name":"(anonymous_0)","decl":{"start":{"line":14,"column":23},"end":{"line":14,"column":24}},"loc":{"start":{"line":14,"column":38},"end":{"line":17,"column":13}},"line":14},"1":{"name":"(anonymous_1)","decl":{"start":{"line":18,"column":21},"end":{"line":18,"column":22}},"loc":{"start":{"line":18,"column":30},"end":{"line":18,"column":70}},"line":18},"2":{"name":"(anonymous_2)","decl":{"start":{"line":30,"column":23},"end":{"line":30,"column":24}},"loc":{"start":{"line":30,"column":39},"end":{"line":33,"column":13}},"line":30},"3":{"name":"(anonymous_3)","decl":{"start":{"line":34,"column":21},"end":{"line":34,"column":22}},"loc":{"start":{"line":34,"column":30},"end":{"line":34,"column":82}},"line":34}},"branchMap":{},"s":{"0":1,"1":1,"2":0,"3":0,"4":0,"5":0,"6":1},"f":{"0":0,"1":0,"2":0,"3":0},"b":{},"_coverageSchema":"1a1c01bbd47fc00a2c39e90264f33305004495a9","hash":"00518bfb08e54f99215765879d5ee1b3cdcd46e6"}
,"C:\\Users\\ACER\\Desktop\\telentoTech-Express\\routes\\HouseRoutes.js": {"path":"C:\\Users\\ACER\\Desktop\\telentoTech-Express\\routes\\HouseRoutes.js","statementMap":{"0":{"start":{"line":1,"column":16},"end":{"line":1,"column":34}},"1":{"start":{"line":2,"column":15},"end":{"line":2,"column":31}},"2":{"start":{"line":3,"column":20},"end":{"line":3,"column":46}},"3":{"start":{"line":4,"column":15},"end":{"line":4,"column":32}},"4":{"start":{"line":7,"column":0},"end":{"line":19,"column":2}},"5":{"start":{"line":9,"column":16},"end":{"line":12,"column":6}},"6":{"start":{"line":14,"column":4},"end":{"line":18,"column":6}},"7":{"start":{"line":15,"column":8},"end":{"line":15,"column":24}},"8":{"start":{"line":17,"column":12},"end":{"line":17,"column":66}},"9":{"start":{"line":21,"column":0},"end":{"line":21,"column":23}}},"fnMap":{"0":{"name":"(anonymous_0)","decl":{"start":{"line":7,"column":22},"end":{"line":7,"column":23}},"loc":{"start":{"line":7,"column":42},"end":{"line":19,"column":1}},"line":7},"1":{"name":"(anonymous_1)","decl":{"start":{"line":14,"column":22},"end":{"line":14,"column":23}},"loc":{"start":{"line":14,"column":34},"end":{"line":16,"column":5}},"line":14},"2":{"name":"(anonymous_2)","decl":{"start":{"line":16,"column":13},"end":{"line":16,"column":14}},"loc":{"start":{"line":16,"column":22},"end":{"line":18,"column":5}},"line":16}},"branchMap":{},"s":{"0":1,"1":1,"2":1,"3":1,"4":1,"5":0,"6":0,"7":0,"8":0,"9":1},"f":{"0":0,"1":0,"2":0},"b":{},"_coverageSchema":"1a1c01bbd47fc00a2c39e90264f33305004495a9","hash":"078662d6350f6a798904fe7fe02e4ca3d1964fbb"}
,"C:\\Users\\ACER\\Desktop\\telentoTech-Express\\routes\\MessageRoutes.js": {"path":"C:\\Users\\ACER\\Desktop\\telentoTech-Express\\routes\\MessageRoutes.js","statementMap":{"0":{"start":{"line":1,"column":16},"end":{"line":1,"column":34}},"1":{"start":{"line":2,"column":15},"end":{"line":2,"column":31}},"2":{"start":{"line":3,"column":22},"end":{"line":3,"column":51}},"3":{"start":{"line":6,"column":0},"end":{"line":16,"column":3}},"4":{"start":{"line":8,"column":19},"end":{"line":14,"column":29}},"5":{"start":{"line":15,"column":4},"end":{"line":15,"column":22}},"6":{"start":{"line":18,"column":0},"end":{"line":31,"column":2}},"7":{"start":{"line":20,"column":15},"end":{"line":24,"column":6}},"8":{"start":{"line":25,"column":4},"end":{"line":29,"column":6}},"9":{"start":{"line":26,"column":8},"end":{"line":26,"column":24}},"10":{"start":{"line":28,"column":8},"end":{"line":28,"column":62}},"11":{"start":{"line":33,"column":0},"end":{"line":33,"column":24}}},"fnMap":{"0":{"name":"(anonymous_0)","decl":{"start":{"line":6,"column":22},"end":{"line":6,"column":23}},"loc":{"start":{"line":6,"column":39},"end":{"line":16,"column":1}},"line":6},"1":{"name":"(anonymous_1)","decl":{"start":{"line":18,"column":24},"end":{"line":18,"column":25}},"loc":{"start":{"line":18,"column":43},"end":{"line":31,"column":1}},"line":18},"2":{"name":"(anonymous_2)","decl":{"start":{"line":25,"column":21},"end":{"line":25,"column":22}},"loc":{"start":{"line":25,"column":31},"end":{"line":27,"column":5}},"line":25},"3":{"name":"(anonymous_3)","decl":{"start":{"line":27,"column":12},"end":{"line":27,"column":13}},"loc":{"start":{"line":27,"column":19},"end":{"line":29,"column":5}},"line":27}},"branchMap":{},"s":{"0":1,"1":1,"2":1,"3":1,"4":0,"5":0,"6":1,"7":0,"8":0,"9":0,"10":0,"11":1},"f":{"0":0,"1":0,"2":0,"3":0},"b":{},"_coverageSchema":"1a1c01bbd47fc00a2c39e90264f33305004495a9","hash":"d69d7fc5237648e025ed1a573696a46eb2505024"}
,"C:\\Users\\ACER\\Desktop\\telentoTech-Express\\routes\\UserRoutes.js": {"path":"C:\\Users\\ACER\\Desktop\\telentoTech-Express\\routes\\UserRoutes.js","statementMap":{"0":{"start":{"line":1,"column":16},"end":{"line":1,"column":34}},"1":{"start":{"line":2,"column":15},"end":{"line":2,"column":31}},"2":{"start":{"line":3,"column":15},"end":{"line":3,"column":32}},"3":{"start":{"line":4,"column":19},"end":{"line":4,"column":44}},"4":{"start":{"line":5,"column":22},"end":{"line":5,"column":51}},"5":{"start":{"line":6,"column":23},"end":{"line":6,"column":63}},"6":{"start":{"line":7,"column":15},"end":{"line":7,"column":32}},"7":{"start":{"line":8,"column":23},"end":{"line":8,"column":43}},"8":{"start":{"line":12,"column":0},"end":{"line":16,"column":2}},"9":{"start":{"line":14,"column":16},"end":{"line":14,"column":39}},"10":{"start":{"line":15,"column":4},"end":{"line":15,"column":19}},"11":{"start":{"line":18,"column":0},"end":{"line":27,"column":2}},"12":{"start":{"line":20,"column":13},"end":{"line":20,"column":26}},"13":{"start":{"line":21,"column":15},"end":{"line":21,"column":44}},"14":{"start":{"line":22,"column":4},"end":{"line":22,"column":18}},"15":{"start":{"line":29,"column":0},"end":{"line":51,"column":2}},"16":{"start":{"line":31,"column":4},"end":{"line":31,"column":58}},"17":{"start":{"line":32,"column":27},"end":{"line":32,"column":67}},"18":{"start":{"line":34,"column":15},"end":{"line":40,"column":6}},"19":{"start":{"line":42,"column":4},"end":{"line":50,"column":6}},"20":{"start":{"line":43,"column":8},"end":{"line":43,"column":24}},"21":{"start":{"line":45,"column":8},"end":{"line":49,"column":9}},"22":{"start":{"line":46,"column":12},"end":{"line":46,"column":84}},"23":{"start":{"line":48,"column":12},"end":{"line":48,"column":66}},"24":{"start":{"line":55,"column":0},"end":{"line":74,"column":2}},"25":{"start":{"line":58,"column":13},"end":{"line":58,"column":26}},"26":{"start":{"line":61,"column":21},"end":{"line":66,"column":5}},"27":{"start":{"line":68,"column":4},"end":{"line":73,"column":6}},"28":{"start":{"line":69,"column":8},"end":{"line":69,"column":24}},"29":{"start":{"line":71,"column":8},"end":{"line":71,"column":26}},"30":{"start":{"line":72,"column":8},"end":{"line":72,"column":50}},"31":{"start":{"line":76,"column":0},"end":{"line":104,"column":2}},"32":{"start":{"line":78,"column":13},"end":{"line":78,"column":26}},"33":{"start":{"line":81,"column":4},"end":{"line":86,"column":6}},"34":{"start":{"line":82,"column":8},"end":{"line":82,"column":79}},"35":{"start":{"line":84,"column":8},"end":{"line":84,"column":26}},"36":{"start":{"line":85,"column":8},"end":{"line":85,"column":72}},"37":{"start":{"line":106,"column":0},"end":{"line":113,"column":2}},"38":{"start":{"line":107,"column":18},"end":{"line":107,"column":32}},"39":{"start":{"line":108,"column":21},"end":{"line":108,"column":38}},"40":{"start":{"line":110,"column":4},"end":{"line":112,"column":6}},"41":{"start":{"line":111,"column":8},"end":{"line":111,"column":24}},"42":{"start":{"line":116,"column":16},"end":{"line":123,"column":2}},"43":{"start":{"line":118,"column":8},"end":{"line":118,"column":28}},"44":{"start":{"line":121,"column":8},"end":{"line":121,"column":54}},"45":{"start":{"line":125,"column":19},"end":{"line":131,"column":1}},"46":{"start":{"line":126,"column":4},"end":{"line":130,"column":5}},"47":{"start":{"line":127,"column":8},"end":{"line":127,"column":22}},"48":{"start":{"line":129,"column":8},"end":{"line":129,"column":52}},"49":{"start":{"line":133,"column":15},"end":{"line":133,"column":66}},"50":{"start":{"line":136,"column":0},"end":{"line":156,"column":2}},"51":{"start":{"line":137,"column":4},"end":{"line":139,"column":5}},"52":{"start":{"line":138,"column":8},"end":{"line":138,"column":104}},"53":{"start":{"line":141,"column":13},"end":{"line":141,"column":26}},"54":{"start":{"line":143,"column":21},"end":{"line":145,"column":5}},"55":{"start":{"line":147,"column":4},"end":{"line":147,"column":19}},"56":{"start":{"line":149,"column":4},"end":{"line":154,"column":6}},"57":{"start":{"line":150,"column":8},"end":{"line":150,"column":82}},"58":{"start":{"line":152,"column":8},"end":{"line":152,"column":26}},"59":{"start":{"line":153,"column":8},"end":{"line":153,"column":85}},"60":{"start":{"line":158,"column":0},"end":{"line":158,"column":23}}},"fnMap":{"0":{"name":"(anonymous_0)","decl":{"start":{"line":12,"column":20},"end":{"line":12,"column":21}},"loc":{"start":{"line":12,"column":40},"end":{"line":16,"column":1}},"line":12},"1":{"name":"(anonymous_1)","decl":{"start":{"line":18,"column":24},"end":{"line":18,"column":25}},"loc":{"start":{"line":18,"column":44},"end":{"line":27,"column":1}},"line":18},"2":{"name":"(anonymous_2)","decl":{"start":{"line":29,"column":21},"end":{"line":29,"column":22}},"loc":{"start":{"line":29,"column":41},"end":{"line":51,"column":1}},"line":29},"3":{"name":"(anonymous_3)","decl":{"start":{"line":42,"column":21},"end":{"line":42,"column":22}},"loc":{"start":{"line":42,"column":33},"end":{"line":44,"column":5}},"line":42},"4":{"name":"(anonymous_4)","decl":{"start":{"line":44,"column":13},"end":{"line":44,"column":14}},"loc":{"start":{"line":44,"column":22},"end":{"line":50,"column":5}},"line":44},"5":{"name":"(anonymous_5)","decl":{"start":{"line":55,"column":56},"end":{"line":55,"column":57}},"loc":{"start":{"line":55,"column":70},"end":{"line":74,"column":1}},"line":55},"6":{"name":"(anonymous_6)","decl":{"start":{"line":68,"column":67},"end":{"line":68,"column":68}},"loc":{"start":{"line":68,"column":79},"end":{"line":70,"column":5}},"line":68},"7":{"name":"(anonymous_7)","decl":{"start":{"line":70,"column":13},"end":{"line":70,"column":14}},"loc":{"start":{"line":70,"column":24},"end":{"line":73,"column":5}},"line":70},"8":{"name":"(anonymous_8)","decl":{"start":{"line":76,"column":57},"end":{"line":76,"column":58}},"loc":{"start":{"line":76,"column":71},"end":{"line":104,"column":1}},"line":76},"9":{"name":"(anonymous_9)","decl":{"start":{"line":81,"column":41},"end":{"line":81,"column":42}},"loc":{"start":{"line":81,"column":47},"end":{"line":83,"column":5}},"line":81},"10":{"name":"(anonymous_10)","decl":{"start":{"line":83,"column":13},"end":{"line":83,"column":14}},"loc":{"start":{"line":83,"column":24},"end":{"line":86,"column":5}},"line":83},"11":{"name":"(anonymous_11)","decl":{"start":{"line":106,"column":22},"end":{"line":106,"column":23}},"loc":{"start":{"line":106,"column":36},"end":{"line":113,"column":1}},"line":106},"12":{"name":"(anonymous_12)","decl":{"start":{"line":110,"column":47},"end":{"line":110,"column":48}},"loc":{"start":{"line":110,"column":59},"end":{"line":112,"column":5}},"line":110},"13":{"name":"(anonymous_13)","decl":{"start":{"line":117,"column":17},"end":{"line":117,"column":18}},"loc":{"start":{"line":117,"column":40},"end":{"line":119,"column":5}},"line":117},"14":{"name":"(anonymous_14)","decl":{"start":{"line":120,"column":14},"end":{"line":120,"column":15}},"loc":{"start":{"line":120,"column":37},"end":{"line":122,"column":5}},"line":120},"15":{"name":"(anonymous_15)","decl":{"start":{"line":125,"column":19},"end":{"line":125,"column":20}},"loc":{"start":{"line":125,"column":38},"end":{"line":131,"column":1}},"line":125},"16":{"name":"(anonymous_16)","decl":{"start":{"line":136,"column":55},"end":{"line":136,"column":56}},"loc":{"start":{"line":136,"column":69},"end":{"line":156,"column":1}},"line":136},"17":{"name":"(anonymous_17)","decl":{"start":{"line":149,"column":67},"end":{"line":149,"column":68}},"loc":{"start":{"line":149,"column":79},"end":{"line":151,"column":5}},"line":149},"18":{"name":"(anonymous_18)","decl":{"start":{"line":151,"column":13},"end":{"line":151,"column":14}},"loc":{"start":{"line":151,"column":24},"end":{"line":154,"column":5}},"line":151}},"branchMap":{"0":{"loc":{"start":{"line":45,"column":8},"end":{"line":49,"column":9}},"type":"if","locations":[{"start":{"line":45,"column":8},"end":{"line":49,"column":9}},{"start":{"line":47,"column":13},"end":{"line":49,"column":9}}],"line":45},"1":{"loc":{"start":{"line":126,"column":4},"end":{"line":130,"column":5}},"type":"if","locations":[{"start":{"line":126,"column":4},"end":{"line":130,"column":5}},{"start":{"line":128,"column":9},"end":{"line":130,"column":5}}],"line":126},"2":{"loc":{"start":{"line":137,"column":4},"end":{"line":139,"column":5}},"type":"if","locations":[{"start":{"line":137,"column":4},"end":{"line":139,"column":5}},{"start":{},"end":{}}],"line":137}},"s":{"0":1,"1":1,"2":1,"3":1,"4":1,"5":1,"6":1,"7":1,"8":1,"9":1,"10":1,"11":1,"12":1,"13":1,"14":0,"15":1,"16":0,"17":0,"18":0,"19":0,"20":0,"21":0,"22":0,"23":0,"24":1,"25":0,"26":0,"27":0,"28":0,"29":0,"30":0,"31":1,"32":0,"33":0,"34":0,"35":0,"36":0,"37":1,"38":0,"39":0,"40":0,"41":0,"42":1,"43":0,"44":0,"45":1,"46":0,"47":0,"48":0,"49":1,"50":1,"51":0,"52":0,"53":0,"54":0,"55":0,"56":0,"57":0,"58":0,"59":0,"60":1},"f":{"0":1,"1":1,"2":0,"3":0,"4":0,"5":0,"6":0,"7":0,"8":0,"9":0,"10":0,"11":0,"12":0,"13":0,"14":0,"15":0,"16":0,"17":0,"18":0},"b":{"0":[0,0],"1":[0,0],"2":[0,0]},"_coverageSchema":"1a1c01bbd47fc00a2c39e90264f33305004495a9","hash":"fbc21a9fd7a4691317409b5ce6eafa53fb1af758"}
}
